#
# There is insufficient memory for the Java Runtime Environment to continue.
# Native memory allocation (malloc) failed to allocate 1086656 bytes for Chunk::new
# Possible reasons:
#   The system is out of physical RAM or swap space
#   In 32 bit mode, the process size limit was hit
# Possible solutions:
#   Reduce memory load on the system
#   Increase physical memory or swap space
#   Check if swap backing store is full
#   Use 64 bit Java on a 64 bit OS
#   Decrease Java heap size (-Xmx/-Xms)
#   Decrease number of Java threads
#   Decrease Java thread stack sizes (-Xss)
#   Set larger code cache with -XX:ReservedCodeCacheSize=
# This output file may be truncated or incomplete.
#
#  Out of Memory Error (allocation.cpp:390), pid=2532, tid=0x0000000000001a04
#
# JRE version: Java(TM) SE Runtime Environment (8.0_141-b15) (build 1.8.0_141-b15)
# Java VM: Java HotSpot(TM) 64-Bit Server VM (25.141-b15 mixed mode windows-amd64 compressed oops)
# Failed to write core dump. Minidumps are not enabled by default on client versions of Windows
#

---------------  T H R E A D  ---------------

Current thread (0x000000001667d000):  JavaThread "C2 CompilerThread0" daemon [_thread_in_native, id=6660, stack(0x0000000017cd0000,0x0000000017dd0000)]

Stack: [0x0000000017cd0000,0x0000000017dd0000]
[error occurred during error reporting (printing stack bounds), id 0xc0000005]

Native frames: (J=compiled Java code, j=interpreted, Vv=VM code, C=native code)


Current CompileTask:
C2:  53871 7417   !   4       java.io.ObjectOutputStream::writeObject0 (619 bytes)


---------------  P R O C E S S  ---------------

Java Threads: ( => current thread )
  0x000000001bb3c800 JavaThread "Task worker for ':' Thread 3" [_thread_blocked, id=8060, stack(0x0000000022f90000,0x0000000023090000)]
  0x000000001bb38800 JavaThread "Task worker for ':' Thread 2" [_thread_blocked, id=4068, stack(0x0000000022e90000,0x0000000022f90000)]
  0x000000001bb3b800 JavaThread "Task worker for ':'" [_thread_blocked, id=4580, stack(0x0000000022d90000,0x0000000022e90000)]
  0x000000001bb3a000 JavaThread "Cache worker for Build Output Cleanup Cache (C:\Users\vit\Downloads\CetisApp\.gradle\buildOutputCleanup)" [_thread_blocked, id=1176, stack(0x0000000022c90000,0x0000000022d90000)]
  0x000000001bb3b000 JavaThread "Cache worker for task history cache (C:\Users\vit\Downloads\CetisApp\.gradle\4.4\taskHistory)" [_thread_blocked, id=1212, stack(0x0000000022320000,0x0000000022420000)]
  0x000000001bb38000 JavaThread "Memory manager" [_thread_blocked, id=6816, stack(0x0000000021c20000,0x0000000021d20000)]
  0x000000001bb34000 JavaThread "build operations Thread 4" [_thread_blocked, id=1184, stack(0x0000000021520000,0x0000000021620000)]
  0x000000001bb35800 JavaThread "build operations Thread 3" [_thread_blocked, id=4840, stack(0x0000000021420000,0x0000000021520000)]
  0x000000001bb37000 JavaThread "build operations Thread 2" [_thread_blocked, id=664, stack(0x0000000021320000,0x0000000021420000)]
  0x000000001bb35000 JavaThread "build operations" [_thread_blocked, id=7380, stack(0x0000000021220000,0x0000000021320000)]
  0x00000000192ff800 JavaThread "Cache worker for Artifact transforms cache (C:\Users\vit\.gradle\caches\transforms-1)" [_thread_blocked, id=6888, stack(0x000000001e4f0000,0x000000001e5f0000)]
  0x0000000019302000 JavaThread "Cache worker for file hash cache (C:\Users\vit\Downloads\CetisApp\.gradle\4.4\fileHashes)" [_thread_blocked, id=4788, stack(0x000000001b280000,0x000000001b380000)]
  0x0000000019300800 JavaThread "File lock request listener" [_thread_in_native, id=7880, stack(0x000000001b180000,0x000000001b280000)]
  0x0000000019302800 JavaThread "Cache worker for file hash cache (C:\Users\vit\.gradle\caches\4.4\fileHashes)" [_thread_blocked, id=3060, stack(0x000000001b080000,0x000000001b180000)]
  0x0000000019627800 JavaThread "Stdin handler" [_thread_blocked, id=7212, stack(0x000000001ad80000,0x000000001ae80000)]
  0x0000000019616800 JavaThread "Asynchronous log dispatcher for DefaultDaemonConnection: socket connection from /127.0.0.1:50818 to /127.0.0.1:50819" [_thread_blocked, id=1616, stack(0x000000001ac80000,0x000000001ad80000)]
  0x0000000019614000 JavaThread "Daemon worker" [_thread_blocked, id=8068, stack(0x000000001ab80000,0x000000001ac80000)]
  0x0000000018015800 JavaThread "Cancel handler" [_thread_blocked, id=1808, stack(0x000000001aa80000,0x000000001ab80000)]
  0x0000000018e4a000 JavaThread "Handler for socket connection from /127.0.0.1:50818 to /127.0.0.1:50819" [_thread_in_native, id=5040, stack(0x000000001a780000,0x000000001a880000)]
  0x0000000019441800 JavaThread "Daemon" [_thread_blocked, id=2548, stack(0x000000001a680000,0x000000001a780000)]
  0x00000000193e8000 JavaThread "Daemon periodic checks" [_thread_blocked, id=5268, stack(0x000000001a580000,0x000000001a680000)]
  0x00000000193e7000 JavaThread "Incoming local TCP Connector on port 50818" [_thread_in_native, id=7816, stack(0x000000001a380000,0x000000001a480000)]
  0x00000000193c5000 JavaThread "Daemon health stats" [_thread_blocked, id=3040, stack(0x0000000019da0000,0x0000000019ea0000)]
  0x00000000166dd000 JavaThread "Service Thread" daemon [_thread_blocked, id=1768, stack(0x00000000183d0000,0x00000000184d0000)]
  0x0000000017ed8800 JavaThread "C1 CompilerThread2" daemon [_thread_blocked, id=2404, stack(0x00000000182d0000,0x00000000183d0000)]
  0x00000000166d0000 JavaThread "C2 CompilerThread1" daemon [_thread_in_native, id=7496, stack(0x0000000017dd0000,0x0000000017ed0000)]
=>0x000000001667d000 JavaThread "C2 CompilerThread0" daemon [_thread_in_native, id=6660, stack(0x0000000017cd0000,0x0000000017dd0000)]
  0x000000001667b000 JavaThread "Attach Listener" daemon [_thread_blocked, id=6900, stack(0x0000000017bd0000,0x0000000017cd0000)]
  0x0000000016679800 JavaThread "Signal Dispatcher" daemon [_thread_blocked, id=6316, stack(0x0000000017ad0000,0x0000000017bd0000)]
  0x0000000002d0b000 JavaThread "Finalizer" daemon [_thread_blocked, id=7532, stack(0x00000000178d0000,0x00000000179d0000)]
  0x0000000002d00000 JavaThread "Reference Handler" daemon [_thread_blocked, id=4136, stack(0x00000000177d0000,0x00000000178d0000)]
  0x0000000002c10800 JavaThread "main" [_thread_blocked, id=4796, stack(0x0000000002ab0000,0x0000000002bb0000)]

Other Threads:
  0x0000000016647000 VMThread [stack: 0x00000000176d0000,0x00000000177d0000] [id=4148]
  0x0000000017ef3000 WatcherThread [stack: 0x00000000184d0000,0x00000000185d0000] [id=7664]

VM state:not at safepoint (normal execution)

VM Mutex/Monitor currently owned by a thread: None

Heap:
 PSYoungGen      total 174080K, used 16075K [0x00000000e0000000, 0x00000000ee180000, 0x0000000100000000)
  eden space 159232K, 10% used [0x00000000e0000000,0x00000000e0fb2cd0,0x00000000e9b80000)
  from space 14848K, 0% used [0x00000000e9b80000,0x00000000e9b80000,0x00000000eaa00000)
  to   space 14848K, 0% used [0x00000000ed300000,0x00000000ed300000,0x00000000ee180000)
 ParOldGen       total 78848K, used 39802K [0x00000000a0000000, 0x00000000a4d00000, 0x00000000e0000000)
  object space 78848K, 50% used [0x00000000a0000000,0x00000000a26de8f8,0x00000000a4d00000)
 Metaspace       used 57663K, capacity 59378K, committed 59544K, reserved 1099776K
  class space    used 8001K, capacity 8423K, committed 8496K, reserved 1048576K

Card table byte_map: [0x00000000120d0000,0x00000000123e0000] byte_map_base: 0x0000000011bd0000

Marking Bits: (ParMarkBitMap*) 0x0000000053fbd850
 Begin Bits: [0x00000000129e0000, 0x00000000141e0000)
 End Bits:   [0x00000000141e0000, 0x00000000159e0000)

Polling page: 0x0000000001130000

CodeCache: size=245760Kb used=22151Kb max_used=22151Kb free=223608Kb
 bounds [0x0000000002d10000, 0x00000000042e0000, 0x0000000011d10000]
 total_blobs=7396 nmethods=6599 adapters=708
 compilation: enabled

Compilation events (10 events):
Event: 53.727 Thread 0x0000000017ed8800 7426       3       org.gradle.api.internal.changedetection.state.SnapshotMapSerializer::readSnapshot (200 bytes)
Event: 53.729 Thread 0x0000000017ed8800 nmethod 7426 0x0000000003646890 code [0x0000000003646b80, 0x0000000003648118]
Event: 53.750 Thread 0x0000000017ed8800 7430       1       com.google.common.collect.RegularImmutableSortedSet::unsafeComparator (5 bytes)
Event: 53.750 Thread 0x0000000017ed8800 nmethod 7430 0x0000000002f2da90 code [0x0000000002f2dbe0, 0x0000000002f2dcf0]
Event: 53.768 Thread 0x0000000017ed8800 7432       3       java.io.ObjectStreamClass::hasWriteReplaceMethod (17 bytes)
Event: 53.769 Thread 0x0000000017ed8800 nmethod 7432 0x000000000357f710 code [0x000000000357f880, 0x000000000357fba8]
Event: 53.770 Thread 0x0000000017ed8800 7433       3       org.gradle.api.internal.file.collections.DefaultFileCollectionResolveContext$FileCollectionConverter::convertInto (201 bytes)
Event: 53.773 Thread 0x0000000017ed8800 nmethod 7433 0x00000000042cf210 code [0x00000000042cf700, 0x00000000042d2a08]
Event: 53.795 Thread 0x0000000017ed8800 7434       3       java.io.ObjectOutputStream::writeNull (10 bytes)
Event: 53.795 Thread 0x0000000017ed8800 nmethod 7434 0x00000000035ae4d0 code [0x00000000035ae640, 0x00000000035ae8c8]

GC Heap History (10 events):
Event: 38.448 GC heap before
{Heap before GC invocations=16 (full 2):
 PSYoungGen      total 85504K, used 79360K [0x00000000e0000000, 0x00000000e8380000, 0x0000000100000000)
  eden space 79360K, 100% used [0x00000000e0000000,0x00000000e4d80000,0x00000000e4d80000)
  from space 6144K, 0% used [0x00000000e4d80000,0x00000000e4d80000,0x00000000e5380000)
  to   space 5632K, 0% used [0x00000000e7e00000,0x00000000e7e00000,0x00000000e8380000)
 ParOldGen       total 41984K, used 16540K [0x00000000a0000000, 0x00000000a2900000, 0x00000000e0000000)
  object space 41984K, 39% used [0x00000000a0000000,0x00000000a1027340,0x00000000a2900000)
 Metaspace       used 39304K, capacity 40018K, committed 40368K, reserved 1083392K
  class space    used 5469K, capacity 5687K, committed 5808K, reserved 1048576K
Event: 38.470 GC heap after
Heap after GC invocations=16 (full 2):
 PSYoungGen      total 120320K, used 5602K [0x00000000e0000000, 0x00000000e8380000, 0x0000000100000000)
  eden space 114688K, 0% used [0x00000000e0000000,0x00000000e0000000,0x00000000e7000000)
  from space 5632K, 99% used [0x00000000e7e00000,0x00000000e8378860,0x00000000e8380000)
  to   space 7168K, 0% used [0x00000000e7580000,0x00000000e7580000,0x00000000e7c80000)
 ParOldGen       total 41984K, used 18910K [0x00000000a0000000, 0x00000000a2900000, 0x00000000e0000000)
  object space 41984K, 45% used [0x00000000a0000000,0x00000000a1277978,0x00000000a2900000)
 Metaspace       used 39304K, capacity 40018K, committed 40368K, reserved 1083392K
  class space    used 5469K, capacity 5687K, committed 5808K, reserved 1048576K
}
Event: 41.269 GC heap before
{Heap before GC invocations=17 (full 2):
 PSYoungGen      total 120320K, used 120290K [0x00000000e0000000, 0x00000000e8380000, 0x0000000100000000)
  eden space 114688K, 100% used [0x00000000e0000000,0x00000000e7000000,0x00000000e7000000)
  from space 5632K, 99% used [0x00000000e7e00000,0x00000000e8378860,0x00000000e8380000)
  to   space 7168K, 0% used [0x00000000e7580000,0x00000000e7580000,0x00000000e7c80000)
 ParOldGen       total 41984K, used 18910K [0x00000000a0000000, 0x00000000a2900000, 0x00000000e0000000)
  object space 41984K, 45% used [0x00000000a0000000,0x00000000a1277978,0x00000000a2900000)
 Metaspace       used 46484K, capacity 47422K, committed 47792K, reserved 1089536K
  class space    used 6436K, capacity 6726K, committed 6832K, reserved 1048576K
Event: 41.292 GC heap after
Heap after GC invocations=17 (full 2):
 PSYoungGen      total 127488K, used 7137K [0x00000000e0000000, 0x00000000eb480000, 0x0000000100000000)
  eden space 120320K, 0% used [0x00000000e0000000,0x00000000e0000000,0x00000000e7580000)
  from space 7168K, 99% used [0x00000000e7580000,0x00000000e7c78670,0x00000000e7c80000)
  to   space 10752K, 0% used [0x00000000eaa00000,0x00000000eaa00000,0x00000000eb480000)
 ParOldGen       total 41984K, used 27204K [0x00000000a0000000, 0x00000000a2900000, 0x00000000e0000000)
  object space 41984K, 64% used [0x00000000a0000000,0x00000000a1a91270,0x00000000a2900000)
 Metaspace       used 46484K, capacity 47422K, committed 47792K, reserved 1089536K
  class space    used 6436K, capacity 6726K, committed 6832K, reserved 1048576K
}
Event: 45.518 GC heap before
{Heap before GC invocations=18 (full 2):
 PSYoungGen      total 127488K, used 127457K [0x00000000e0000000, 0x00000000eb480000, 0x0000000100000000)
  eden space 120320K, 100% used [0x00000000e0000000,0x00000000e7580000,0x00000000e7580000)
  from space 7168K, 99% used [0x00000000e7580000,0x00000000e7c78670,0x00000000e7c80000)
  to   space 10752K, 0% used [0x00000000eaa00000,0x00000000eaa00000,0x00000000eb480000)
 ParOldGen       total 41984K, used 27204K [0x00000000a0000000, 0x00000000a2900000, 0x00000000e0000000)
  object space 41984K, 64% used [0x00000000a0000000,0x00000000a1a91270,0x00000000a2900000)
 Metaspace       used 53857K, capacity 55496K, committed 55728K, reserved 1097728K
  class space    used 7550K, capacity 7992K, committed 8112K, reserved 1048576K
Event: 45.558 GC heap after
Heap after GC invocations=18 (full 2):
 PSYoungGen      total 169984K, used 10730K [0x00000000e0000000, 0x00000000ec200000, 0x0000000100000000)
  eden space 159232K, 0% used [0x00000000e0000000,0x00000000e0000000,0x00000000e9b80000)
  from space 10752K, 99% used [0x00000000eaa00000,0x00000000eb47a8e8,0x00000000eb480000)
  to   space 14848K, 0% used [0x00000000e9b80000,0x00000000e9b80000,0x00000000eaa00000)
 ParOldGen       total 41984K, used 34434K [0x00000000a0000000, 0x00000000a2900000, 0x00000000e0000000)
  object space 41984K, 82% used [0x00000000a0000000,0x00000000a21a0b38,0x00000000a2900000)
 Metaspace       used 53857K, capacity 55496K, committed 55728K, reserved 1097728K
  class space    used 7550K, capacity 7992K, committed 8112K, reserved 1048576K
}
Event: 52.404 GC heap before
{Heap before GC invocations=19 (full 2):
 PSYoungGen      total 169984K, used 88443K [0x00000000e0000000, 0x00000000ec200000, 0x0000000100000000)
  eden space 159232K, 48% used [0x00000000e0000000,0x00000000e4be4450,0x00000000e9b80000)
  from space 10752K, 99% used [0x00000000eaa00000,0x00000000eb47a8e8,0x00000000eb480000)
  to   space 14848K, 0% used [0x00000000e9b80000,0x00000000e9b80000,0x00000000eaa00000)
 ParOldGen       total 41984K, used 34434K [0x00000000a0000000, 0x00000000a2900000, 0x00000000e0000000)
  object space 41984K, 82% used [0x00000000a0000000,0x00000000a21a0b38,0x00000000a2900000)
 Metaspace       used 57344K, capacity 59020K, committed 59160K, reserved 1099776K
  class space    used 7943K, capacity 8350K, committed 8368K, reserved 1048576K
Event: 52.472 GC heap after
Heap after GC invocations=19 (full 2):
 PSYoungGen      total 174080K, used 8103K [0x00000000e0000000, 0x00000000ee180000, 0x0000000100000000)
  eden space 159232K, 0% used [0x00000000e0000000,0x00000000e0000000,0x00000000e9b80000)
  from space 14848K, 54% used [0x00000000e9b80000,0x00000000ea369d88,0x00000000eaa00000)
  to   space 14848K, 0% used [0x00000000ed300000,0x00000000ed300000,0x00000000ee180000)
 ParOldGen       total 43520K, used 43420K [0x00000000a0000000, 0x00000000a2a80000, 0x00000000e0000000)
  object space 43520K, 99% used [0x00000000a0000000,0x00000000a2a67110,0x00000000a2a80000)
 Metaspace       used 57344K, capacity 59020K, committed 59160K, reserved 1099776K
  class space    used 7943K, capacity 8350K, committed 8368K, reserved 1048576K
}
Event: 52.472 GC heap before
{Heap before GC invocations=20 (full 3):
 PSYoungGen      total 174080K, used 8103K [0x00000000e0000000, 0x00000000ee180000, 0x0000000100000000)
  eden space 159232K, 0% used [0x00000000e0000000,0x00000000e0000000,0x00000000e9b80000)
  from space 14848K, 54% used [0x00000000e9b80000,0x00000000ea369d88,0x00000000eaa00000)
  to   space 14848K, 0% used [0x00000000ed300000,0x00000000ed300000,0x00000000ee180000)
 ParOldGen       total 43520K, used 43420K [0x00000000a0000000, 0x00000000a2a80000, 0x00000000e0000000)
  object space 43520K, 99% used [0x00000000a0000000,0x00000000a2a67110,0x00000000a2a80000)
 Metaspace       used 57344K, capacity 59020K, committed 59160K, reserved 1099776K
  class space    used 7943K, capacity 8350K, committed 8368K, reserved 1048576K
Event: 53.068 GC heap after
Heap after GC invocations=20 (full 3):
 PSYoungGen      total 174080K, used 0K [0x00000000e0000000, 0x00000000ee180000, 0x0000000100000000)
  eden space 159232K, 0% used [0x00000000e0000000,0x00000000e0000000,0x00000000e9b80000)
  from space 14848K, 0% used [0x00000000e9b80000,0x00000000e9b80000,0x00000000eaa00000)
  to   space 14848K, 0% used [0x00000000ed300000,0x00000000ed300000,0x00000000ee180000)
 ParOldGen       total 78848K, used 39802K [0x00000000a0000000, 0x00000000a4d00000, 0x00000000e0000000)
  object space 78848K, 50% used [0x00000000a0000000,0x00000000a26de8f8,0x00000000a4d00000)
 Metaspace       used 57344K, capacity 59020K, committed 59160K, reserved 1099776K
  class space    used 7943K, capacity 8350K, committed 8368K, reserved 1048576K
}

Deoptimization events (10 events):
Event: 53.114 Thread 0x000000001bb3b800 Uncommon trap: reason=bimorphic action=maybe_recompile pc=0x000000000426359c method=java.util.HashMap.removeNode(ILjava/lang/Object;Ljava/lang/Object;ZZ)Ljava/util/HashMap$Node; @ 68
Event: 53.114 Thread 0x000000001bb3b800 Uncommon trap: reason=bimorphic action=maybe_recompile pc=0x000000000426359c method=java.util.HashMap.removeNode(ILjava/lang/Object;Ljava/lang/Object;ZZ)Ljava/util/HashMap$Node; @ 68
Event: 53.114 Thread 0x000000001bb3b800 Uncommon trap: reason=bimorphic action=maybe_recompile pc=0x000000000426359c method=java.util.HashMap.removeNode(ILjava/lang/Object;Ljava/lang/Object;ZZ)Ljava/util/HashMap$Node; @ 68
Event: 53.523 Thread 0x000000001bb38800 Uncommon trap: reason=class_check action=maybe_recompile pc=0x0000000003631bc4 method=java.io.ObjectOutputStream$BlockDataOutputStream.drain()V @ 36
Event: 53.528 Thread 0x000000001bb38800 Uncommon trap: reason=class_check action=maybe_recompile pc=0x00000000041b7c3c method=java.io.ObjectOutputStream$BlockDataOutputStream.drain()V @ 36
Event: 53.528 Thread 0x000000001bb38800 Uncommon trap: reason=class_check action=maybe_recompile pc=0x00000000041b7c3c method=java.io.ObjectOutputStream$BlockDataOutputStream.drain()V @ 36
Event: 53.528 Thread 0x000000001bb38800 Uncommon trap: reason=class_check action=maybe_recompile pc=0x0000000004244f6c method=java.io.ObjectOutputStream$BlockDataOutputStream.drain()V @ 36
Event: 53.530 Thread 0x000000001bb38800 Uncommon trap: reason=class_check action=maybe_recompile pc=0x00000000041b7c3c method=java.io.ObjectOutputStream$BlockDataOutputStream.drain()V @ 36
Event: 53.531 Thread 0x000000001bb38800 Uncommon trap: reason=class_check action=maybe_recompile pc=0x000000000423f65c method=java.io.ObjectOutputStream$BlockDataOutputStream.drain()V @ 36
Event: 53.531 Thread 0x000000001bb38800 Uncommon trap: reason=class_check action=maybe_recompile pc=0x0000000003631bc4 method=java.io.ObjectOutputStream$BlockDataOutputStream.drain()V @ 36

Internal exceptions (10 events):
Event: 44.145 Thread 0x0000000019614000 Exception <a 'java/lang/ClassNotFoundException': org/gradle/platform/base/BinaryContainer_ImplCustomizer> (0x00000000e5adb5e8) thrown at [C:\re\workspace\8-2-build-windows-amd64-cygwin\jdk8u141\9370\hotspot\src\share\vm\classfile\systemDictionary.cpp, lin
Event: 44.460 Thread 0x000000001bb3b800 Exception <a 'java/lang/NoSuchMethodError': <clinit>> (0x00000000e636ddf0) thrown at [C:\re\workspace\8-2-build-windows-amd64-cygwin\jdk8u141\9370\hotspot\src\share\vm\prims\jni.cpp, line 1613]
Event: 44.462 Thread 0x000000001bb3b800 Exception <a 'java/lang/NoSuchMethodError': <clinit>> (0x00000000e6379070) thrown at [C:\re\workspace\8-2-build-windows-amd64-cygwin\jdk8u141\9370\hotspot\src\share\vm\prims\jni.cpp, line 1613]
Event: 44.499 Thread 0x000000001bb3b800 Exception <a 'java/lang/NoSuchMethodError': <clinit>> (0x00000000e64e0728) thrown at [C:\re\workspace\8-2-build-windows-amd64-cygwin\jdk8u141\9370\hotspot\src\share\vm\prims\jni.cpp, line 1613]
Event: 44.502 Thread 0x000000001bb3b800 Exception <a 'java/lang/NoSuchMethodError': <clinit>> (0x00000000e64f3530) thrown at [C:\re\workspace\8-2-build-windows-amd64-cygwin\jdk8u141\9370\hotspot\src\share\vm\prims\jni.cpp, line 1613]
Event: 44.502 Thread 0x000000001bb3b800 Exception <a 'java/lang/NoSuchMethodError': <clinit>> (0x00000000e64f4de0) thrown at [C:\re\workspace\8-2-build-windows-amd64-cygwin\jdk8u141\9370\hotspot\src\share\vm\prims\jni.cpp, line 1613]
Event: 44.690 Thread 0x000000001bb3b800 Implicit null exception at 0x00000000032765a2 to 0x0000000003276ae1
Event: 45.563 Thread 0x000000001bb3b800 Implicit null exception at 0x000000000351a9bc to 0x000000000351cd59
Event: 53.525 Thread 0x000000001bb38800 Exception <a 'java/lang/NoSuchMethodError': <clinit>> (0x00000000e01a5658) thrown at [C:\re\workspace\8-2-build-windows-amd64-cygwin\jdk8u141\9370\hotspot\src\share\vm\prims\jni.cpp, line 1613]
Event: 53.528 Thread 0x000000001bb38800 Exception <a 'java/lang/NoSuchMethodError': <clinit>> (0x00000000e01af268) thrown at [C:\re\workspace\8-2-build-windows-amd64-cygwin\jdk8u141\9370\hotspot\src\share\vm\prims\jni.cpp, line 1613]

Events (10 events):
Event: 53.716 loading class com/android/build/gradle/tasks/MergeResources$Flag
Event: 53.716 loading class com/android/build/gradle/tasks/MergeResources$Flag done
Event: 53.718 loading class com/android/builder/model/SourceProvider
Event: 53.718 loading class com/android/builder/model/SourceProvider done
Event: 53.746 loading class org/gradle/api/internal/changedetection/state/SetValueSnapshot
Event: 53.746 loading class org/gradle/api/internal/changedetection/state/SetValueSnapshot done
Event: 53.762 loading class com/google/common/cache/RemovalNotification
Event: 53.762 loading class com/google/common/cache/RemovalNotification done
Event: 53.763 loading class org/gradle/cache/internal/AsyncCacheAccessDecoratedCache$2
Event: 53.763 loading class org/gradle/cache/internal/AsyncCacheAccessDecoratedCache$2 done


Dynamic libraries:
0x00007ff6155e0000 - 0x00007ff615617000 	C:\Program Files\Java\jdk1.8.0_141\bin\java.exe
0x00007ffdbb890000 - 0x00007ffdbba3d000 	C:\Windows\SYSTEM32\ntdll.dll
0x00007ffdbb6f0000 - 0x00007ffdbb82f000 	C:\Windows\system32\KERNEL32.DLL
0x00007ffdb8da0000 - 0x00007ffdb8eb6000 	C:\Windows\system32\KERNELBASE.dll
0x00007ffdb7590000 - 0x00007ffdb761e000 	C:\Windows\system32\apphelp.dll
0x00007ffd929d0000 - 0x00007ffd92a25000 	C:\Windows\AppPatch\AppPatch64\AcGenral.DLL
0x00007ffdbaa60000 - 0x00007ffdbab0a000 	C:\Windows\system32\msvcrt.dll
0x00007ffdb8ae0000 - 0x00007ffdb8b0e000 	C:\Windows\system32\SspiCli.dll
0x00007ffdbb3d0000 - 0x00007ffdbb424000 	C:\Windows\system32\SHLWAPI.dll
0x00007ffdbb430000 - 0x00007ffdbb5a7000 	C:\Windows\system32\USER32.dll
0x00007ffdbb010000 - 0x00007ffdbb1a4000 	C:\Windows\system32\ole32.dll
0x00007ffdb9530000 - 0x00007ffdbaa5b000 	C:\Windows\system32\SHELL32.dll
0x00007ffdb8000000 - 0x00007ffdb8021000 	C:\Windows\SYSTEM32\USERENV.dll
0x00007ffdbaf60000 - 0x00007ffdbb00a000 	C:\Windows\system32\ADVAPI32.dll
0x00007ffda9db0000 - 0x00007ffda9dce000 	C:\Windows\SYSTEM32\MPR.dll
0x00007ffdb8f20000 - 0x00007ffdb9060000 	C:\Windows\system32\RPCRT4.dll
0x00007ffdbb370000 - 0x00007ffdbb3c9000 	C:\Windows\SYSTEM32\sechost.dll
0x00007ffdb9060000 - 0x00007ffdb9270000 	C:\Windows\SYSTEM32\combase.dll
0x00007ffdbab10000 - 0x00007ffdbac5c000 	C:\Windows\system32\GDI32.dll
0x00007ffdb89c0000 - 0x00007ffdb89d5000 	C:\Windows\SYSTEM32\profapi.dll
0x00007ffdb6da0000 - 0x00007ffdb6e52000 	C:\Windows\SYSTEM32\SHCORE.dll
0x00007ffdbb830000 - 0x00007ffdbb866000 	C:\Windows\system32\IMM32.DLL
0x00007ffdbada0000 - 0x00007ffdbaef2000 	C:\Windows\system32\MSCTF.dll
0x00007ffdb61b0000 - 0x00007ffdb642b000 	C:\Windows\WinSxS\amd64_microsoft.windows.common-controls_6595b64144ccf1df_6.0.9600.19394_none_62486577ecb635cf\COMCTL32.dll
0x00000000550e0000 - 0x00000000551b2000 	C:\Program Files\Java\jdk1.8.0_141\jre\bin\msvcr100.dll
0x00000000537a0000 - 0x000000005403d000 	C:\Program Files\Java\jdk1.8.0_141\jre\bin\server\jvm.dll
0x00007ffd8bd30000 - 0x00007ffd8bd39000 	C:\Windows\SYSTEM32\WSOCK32.dll
0x00007ffda9590000 - 0x00007ffda95b2000 	C:\Windows\SYSTEM32\WINMM.dll
0x00007ffdb1a30000 - 0x00007ffdb1a3a000 	C:\Windows\SYSTEM32\VERSION.dll
0x00007ffdbad20000 - 0x00007ffdbad27000 	C:\Windows\system32\PSAPI.DLL
0x00007ffdbaf00000 - 0x00007ffdbaf5a000 	C:\Windows\system32\WS2_32.dll
0x00007ffda9500000 - 0x00007ffda952a000 	C:\Windows\SYSTEM32\WINMMBASE.dll
0x00007ffdb9330000 - 0x00007ffdb9339000 	C:\Windows\system32\NSI.dll
0x00007ffdb8a90000 - 0x00007ffdb8adf000 	C:\Windows\SYSTEM32\cfgmgr32.dll
0x00007ffdb7800000 - 0x00007ffdb7828000 	C:\Windows\SYSTEM32\DEVOBJ.dll
0x00000000550d0000 - 0x00000000550df000 	C:\Program Files\Java\jdk1.8.0_141\jre\bin\verify.dll
0x00000000550a0000 - 0x00000000550c9000 	C:\Program Files\Java\jdk1.8.0_141\jre\bin\java.dll
0x0000000055080000 - 0x0000000055096000 	C:\Program Files\Java\jdk1.8.0_141\jre\bin\zip.dll
0x0000000055060000 - 0x000000005507a000 	C:\Program Files\Java\jdk1.8.0_141\jre\bin\net.dll
0x00007ffdb82c0000 - 0x00007ffdb8319000 	C:\Windows\system32\mswsock.dll
0x0000000055040000 - 0x0000000055051000 	C:\Program Files\Java\jdk1.8.0_141\jre\bin\nio.dll
0x00007ffd939d0000 - 0x00007ffd939ee000 	C:\Users\vit\.gradle\native\25\windows-amd64\native-platform.dll
0x0000000055030000 - 0x000000005503d000 	C:\Program Files\Java\jdk1.8.0_141\jre\bin\management.dll
0x00007ffdb8320000 - 0x00007ffdb8340000 	C:\Windows\SYSTEM32\CRYPTSP.dll
0x00007ffdb7ef0000 - 0x00007ffdb7f26000 	C:\Windows\system32\rsaenh.dll
0x00007ffdb8570000 - 0x00007ffdb8596000 	C:\Windows\SYSTEM32\bcrypt.dll
0x00007ffdb8890000 - 0x00007ffdb88f3000 	C:\Windows\system32\bcryptprimitives.dll
0x00007ffdb8900000 - 0x00007ffdb890b000 	C:\Windows\SYSTEM32\CRYPTBASE.dll
0x00007ffdb3690000 - 0x00007ffdb36ba000 	C:\Windows\SYSTEM32\IPHLPAPI.DLL
0x00007ffdb34e0000 - 0x00007ffdb34ea000 	C:\Windows\SYSTEM32\WINNSI.DLL
0x00007ffdb3010000 - 0x00007ffdb3026000 	C:\Windows\SYSTEM32\dhcpcsvc6.DLL
0x00007ffdb3260000 - 0x00007ffdb327a000 	C:\Windows\SYSTEM32\dhcpcsvc.DLL
0x0000000055000000 - 0x0000000055024000 	C:\Program Files\Java\jdk1.8.0_141\jre\bin\sunec.dll
0x00007ffdb80c0000 - 0x00007ffdb8164000 	C:\Windows\SYSTEM32\DNSAPI.dll
0x00007ffdb3680000 - 0x00007ffdb368a000 	C:\Windows\System32\rasadhlp.dll
0x00007ffdb31f0000 - 0x00007ffdb325b000 	C:\Windows\System32\fwpuclnt.dll
0x0000000054ff0000 - 0x0000000054ffb000 	C:\Program Files\Java\jdk1.8.0_141\jre\bin\sunmscapi.dll
0x00007ffdb8bc0000 - 0x00007ffdb8d9f000 	C:\Windows\system32\CRYPT32.dll
0x00007ffdb8a70000 - 0x00007ffdb8a81000 	C:\Windows\system32\MSASN1.dll

VM Arguments:
jvm_args: -Xmx1536m -Dfile.encoding=windows-1252 -Duser.country=MX -Duser.language=es -Duser.variant 
java_command: org.gradle.launcher.daemon.bootstrap.GradleDaemon 4.4
java_class_path (initial): C:\Users\vit\.gradle\wrapper\dists\gradle-4.4-all\9br9xq1tocpiv8o6njlyu5op1\gradle-4.4\lib\gradle-launcher-4.4.jar
Launcher Type: SUN_STANDARD

Environment Variables:
JAVA_HOME=C:\Program Files\Java\jdk1.8.0_141
PATH=C:\Program Files\Java\jdk1.8.0_141\bin;C:\wamp64\bin\php\php7.3.12;C:\composer;C:\Program Files\nodejs\;C:\Program Files\Git\cmd;;C:\Users\vit\AppData\Local\Programs\Microsoft VS Code\bin;C:\Users\vit\AppData\Roaming\Composer\vendor\bin;C:\Users\vit\AppData\Roaming\npm
USERNAME=vit
OS=Windows_NT
PROCESSOR_IDENTIFIER=Intel64 Family 6 Model 69 Stepping 1, GenuineIntel



---------------  S Y S T E M  ---------------

OS: Windows 8.1 , 64 bit Build 9600 (6.3.9600.19538)

CPU:total 4 (initial active 4) (2 cores per cpu, 2 threads per core) family 6 model 69 stepping 1, cmov, cx8, fxsr, mmx, sse, sse2, sse3, ssse3, sse4.1, sse4.2, popcnt, avx, avx2, aes, clmul, erms, lzcnt, ht, tsc, tscinvbit, bmi1, bmi2

Memory: 4k page, physical 4096180k(184356k free), swap 7241908k(7184k free)

vm_info: Java HotSpot(TM) 64-Bit Server VM (25.141-b15) for windows-amd64 JRE (1.8.0_141-b15), built on Jul 12 2017 04:25:12 by "java_re" with MS VC++ 10.0 (VS2010)

time: Wed Mar 04 16:14:44 2020
elapsed time: 53 seconds (0d 0h 0m 53s)

