#
# There is insufficient memory for the Java Runtime Environment to continue.
# Native memory allocation (malloc) failed to allocate 65552 bytes for Chunk::new
# Possible reasons:
#   The system is out of physical RAM or swap space
#   In 32 bit mode, the process size limit was hit
# Possible solutions:
#   Reduce memory load on the system
#   Increase physical memory or swap space
#   Check if swap backing store is full
#   Use 64 bit Java on a 64 bit OS
#   Decrease Java heap size (-Xmx/-Xms)
#   Decrease number of Java threads
#   Decrease Java thread stack sizes (-Xss)
#   Set larger code cache with -XX:ReservedCodeCacheSize=
# This output file may be truncated or incomplete.
#
#  Out of Memory Error (allocation.cpp:390), pid=7432, tid=0x000000000000141c
#
# JRE version: Java(TM) SE Runtime Environment (8.0_141-b15) (build 1.8.0_141-b15)
# Java VM: Java HotSpot(TM) 64-Bit Server VM (25.141-b15 mixed mode windows-amd64 compressed oops)
# Failed to write core dump. Minidumps are not enabled by default on client versions of Windows
#

---------------  T H R E A D  ---------------

Current thread (0x0000000015fa8000):  JavaThread "C2 CompilerThread1" daemon [_thread_in_native, id=5148, stack(0x00000000176c0000,0x00000000177c0000)]

Stack: [0x00000000176c0000,0x00000000177c0000]
[error occurred during error reporting (printing stack bounds), id 0xc0000005]

Native frames: (J=compiled Java code, j=interpreted, Vv=VM code, C=native code)


Current CompileTask:
C2:  53542 7465       4       java.io.ObjectOutputStream::writeClassDesc (60 bytes)


---------------  P R O C E S S  ---------------

Java Threads: ( => current thread )
  0x000000001bd51800 JavaThread "Task worker for ':' Thread 3" [_thread_blocked, id=7696, stack(0x00000000219d0000,0x0000000021ad0000)]
  0x000000001bd54000 JavaThread "Task worker for ':' Thread 2" [_thread_in_Java, id=3524, stack(0x00000000218d0000,0x00000000219d0000)]
  0x000000001bd54800 JavaThread "Task worker for ':'" [_thread_blocked, id=5248, stack(0x00000000217d0000,0x00000000218d0000)]
  0x000000001bd50000 JavaThread "Cache worker for Build Output Cleanup Cache (C:\Users\vit\Downloads\CetisApp\.gradle\buildOutputCleanup)" [_thread_blocked, id=3380, stack(0x00000000216d0000,0x00000000217d0000)]
  0x000000001bd53000 JavaThread "Cache worker for task history cache (C:\Users\vit\Downloads\CetisApp\.gradle\4.4\taskHistory)" [_thread_blocked, id=4528, stack(0x00000000215d0000,0x00000000216d0000)]
  0x000000001bd52800 JavaThread "Memory manager" [_thread_blocked, id=7732, stack(0x0000000020420000,0x0000000020520000)]
  0x0000000017ae6800 JavaThread "build operations Thread 4" [_thread_blocked, id=2240, stack(0x000000001fd20000,0x000000001fe20000)]
  0x0000000017ae6000 JavaThread "build operations Thread 3" [_thread_blocked, id=8140, stack(0x000000001fc20000,0x000000001fd20000)]
  0x0000000017ae5000 JavaThread "build operations Thread 2" [_thread_blocked, id=2492, stack(0x000000001fb20000,0x000000001fc20000)]
  0x0000000017ae7800 JavaThread "build operations" [_thread_blocked, id=5152, stack(0x000000001fa20000,0x000000001fb20000)]
  0x0000000017ae4000 JavaThread "Cache worker for Artifact transforms cache (C:\Users\vit\.gradle\caches\transforms-1)" [_thread_blocked, id=7836, stack(0x000000001e3e0000,0x000000001e4e0000)]
  0x0000000017ae3800 JavaThread "Cache worker for file hash cache (C:\Users\vit\Downloads\CetisApp\.gradle\4.4\fileHashes)" [_thread_blocked, id=5044, stack(0x000000001ab70000,0x000000001ac70000)]
  0x0000000017ae2800 JavaThread "File lock request listener" [_thread_in_native, id=7416, stack(0x000000001aa70000,0x000000001ab70000)]
  0x0000000017ae2000 JavaThread "Cache worker for file hash cache (C:\Users\vit\.gradle\caches\4.4\fileHashes)" [_thread_blocked, id=5140, stack(0x000000001a970000,0x000000001aa70000)]
  0x0000000018223000 JavaThread "Stdin handler" [_thread_blocked, id=7436, stack(0x000000001a670000,0x000000001a770000)]
  0x0000000018214000 JavaThread "Asynchronous log dispatcher for DefaultDaemonConnection: socket connection from /127.0.0.1:50161 to /127.0.0.1:50162" [_thread_in_Java, id=2960, stack(0x000000001a570000,0x000000001a670000)]
  0x0000000018220000 JavaThread "Daemon worker" [_thread_blocked, id=2564, stack(0x000000001a470000,0x000000001a570000)]
  0x0000000018164000 JavaThread "Cancel handler" [_thread_blocked, id=2964, stack(0x000000001a370000,0x000000001a470000)]
  0x00000000183e2800 JavaThread "Handler for socket connection from /127.0.0.1:50161 to /127.0.0.1:50162" [_thread_in_native, id=2528, stack(0x000000001a070000,0x000000001a170000)]
  0x00000000183e2000 JavaThread "Daemon" [_thread_blocked, id=2560, stack(0x0000000019f70000,0x000000001a070000)]
  0x0000000018124800 JavaThread "Daemon periodic checks" [_thread_blocked, id=8008, stack(0x0000000019e70000,0x0000000019f70000)]
  0x0000000018114800 JavaThread "Incoming local TCP Connector on port 50161" [_thread_in_native, id=6984, stack(0x0000000019c70000,0x0000000019d70000)]
  0x0000000018d3b800 JavaThread "Daemon health stats" [_thread_blocked, id=5368, stack(0x0000000019690000,0x0000000019790000)]
  0x00000000178c5800 JavaThread "Service Thread" daemon [_thread_blocked, id=8056, stack(0x0000000017cc0000,0x0000000017dc0000)]
  0x0000000015fad800 JavaThread "C1 CompilerThread2" daemon [_thread_blocked, id=620, stack(0x00000000177c0000,0x00000000178c0000)]
=>0x0000000015fa8000 JavaThread "C2 CompilerThread1" daemon [_thread_in_native, id=5148, stack(0x00000000176c0000,0x00000000177c0000)]
  0x0000000015f4d000 JavaThread "C2 CompilerThread0" daemon [_thread_in_native, id=2388, stack(0x00000000175c0000,0x00000000176c0000)]
  0x0000000015f4b000 JavaThread "Attach Listener" daemon [_thread_blocked, id=780, stack(0x00000000174c0000,0x00000000175c0000)]
  0x0000000015f49800 JavaThread "Signal Dispatcher" daemon [_thread_blocked, id=8024, stack(0x00000000173c0000,0x00000000174c0000)]
  0x00000000025bb000 JavaThread "Finalizer" daemon [_thread_blocked, id=912, stack(0x00000000171b0000,0x00000000172b0000)]
  0x00000000025b0000 JavaThread "Reference Handler" daemon [_thread_blocked, id=8164, stack(0x00000000170b0000,0x00000000171b0000)]
  0x00000000024c0800 JavaThread "main" [_thread_blocked, id=6748, stack(0x00000000023c0000,0x00000000024c0000)]

Other Threads:
  0x0000000015f17000 VMThread [stack: 0x0000000016fb0000,0x00000000170b0000] [id=4120]
  0x00000000178da800 WatcherThread [stack: 0x0000000017dc0000,0x0000000017ec0000] [id=3376]

VM state:not at safepoint (normal execution)

VM Mutex/Monitor currently owned by a thread: None

Heap:
 PSYoungGen      total 176128K, used 16873K [0x00000000e0000000, 0x00000000ec780000, 0x0000000100000000)
  eden space 159744K, 10% used [0x00000000e0000000,0x00000000e107a438,0x00000000e9c00000)
  from space 16384K, 0% used [0x00000000e9c00000,0x00000000e9c00000,0x00000000eac00000)
  to   space 11264K, 0% used [0x00000000eac00000,0x00000000eac00000,0x00000000eb700000)
 ParOldGen       total 49152K, used 38026K [0x00000000a0000000, 0x00000000a3000000, 0x00000000e0000000)
  object space 49152K, 77% used [0x00000000a0000000,0x00000000a25229e0,0x00000000a3000000)
 Metaspace       used 57634K, capacity 59375K, committed 59544K, reserved 1099776K
  class space    used 7987K, capacity 8424K, committed 8496K, reserved 1048576K

Card table byte_map: [0x0000000011980000,0x0000000011c90000] byte_map_base: 0x0000000011480000

Marking Bits: (ParMarkBitMap*) 0x0000000053fbd850
 Begin Bits: [0x0000000012290000, 0x0000000013a90000)
 End Bits:   [0x0000000013a90000, 0x0000000015290000)

Polling page: 0x0000000002330000

CodeCache: size=245760Kb used=21393Kb max_used=22169Kb free=224366Kb
 bounds [0x00000000025c0000, 0x0000000003b90000, 0x00000000115c0000]
 total_blobs=7303 nmethods=6506 adapters=708
 compilation: enabled

Compilation events (10 events):
Event: 53.396 Thread 0x0000000015fa8000 nmethod 7461 0x0000000003752850 code [0x00000000037529e0, 0x0000000003753328]
Event: 53.397 Thread 0x0000000015fa8000 7462 %     4       java.util.Arrays::fill @ 5 (21 bytes)
Event: 53.400 Thread 0x0000000015fa8000 nmethod 7462% 0x0000000002804c50 code [0x0000000002804da0, 0x0000000002804f38]
Event: 53.400 Thread 0x0000000015fa8000 7463   !   4       java.io.ObjectOutputStream::writeSerialData (221 bytes)
Event: 53.404 Thread 0x0000000015fad800 7464   !   3       org.gradle.internal.serialize.kryo.KryoBackedDecoder::readInt (15 bytes)
Event: 53.405 Thread 0x0000000015fa8000 nmethod 7463 0x0000000002717610 code [0x0000000002717780, 0x0000000002717978]
Event: 53.405 Thread 0x0000000015fad800 nmethod 7464 0x00000000034376d0 code [0x00000000034378a0, 0x0000000003437ee8]
Event: 53.410 Thread 0x0000000015fa8000 7465       4       java.io.ObjectOutputStream::writeClassDesc (60 bytes)
Event: 53.412 Thread 0x0000000015fad800 7466       3       org.gradle.internal.serialize.AbstractCollectionSerializer::read (6 bytes)
Event: 53.412 Thread 0x0000000015fad800 nmethod 7466 0x0000000002a2a0d0 code [0x0000000002a2a240, 0x0000000002a2a448]

GC Heap History (10 events):
Event: 35.061 GC heap before
{Heap before GC invocations=14 (full 2):
 PSYoungGen      total 100864K, used 91648K [0x00000000e0000000, 0x00000000e9380000, 0x0000000100000000)
  eden space 91648K, 100% used [0x00000000e0000000,0x00000000e5980000,0x00000000e5980000)
  from space 9216K, 0% used [0x00000000e5980000,0x00000000e5980000,0x00000000e6280000)
  to   space 9216K, 0% used [0x00000000e8a80000,0x00000000e8a80000,0x00000000e9380000)
 ParOldGen       total 49152K, used 16439K [0x00000000a0000000, 0x00000000a3000000, 0x00000000e0000000)
  object space 49152K, 33% used [0x00000000a0000000,0x00000000a100dec0,0x00000000a3000000)
 Metaspace       used 40174K, capacity 40993K, committed 41256K, reserved 1085440K
  class space    used 5579K, capacity 5839K, committed 5936K, reserved 1048576K
Event: 35.107 GC heap after
Heap after GC invocations=14 (full 2):
 PSYoungGen      total 133120K, used 9215K [0x00000000e0000000, 0x00000000e9380000, 0x0000000100000000)
  eden space 123904K, 0% used [0x00000000e0000000,0x00000000e0000000,0x00000000e7900000)
  from space 9216K, 99% used [0x00000000e8a80000,0x00000000e937fda0,0x00000000e9380000)
  to   space 10240K, 0% used [0x00000000e7f80000,0x00000000e7f80000,0x00000000e8980000)
 ParOldGen       total 49152K, used 17144K [0x00000000a0000000, 0x00000000a3000000, 0x00000000e0000000)
  object space 49152K, 34% used [0x00000000a0000000,0x00000000a10be258,0x00000000a3000000)
 Metaspace       used 40174K, capacity 40993K, committed 41256K, reserved 1085440K
  class space    used 5579K, capacity 5839K, committed 5936K, reserved 1048576K
}
Event: 38.591 GC heap before
{Heap before GC invocations=15 (full 2):
 PSYoungGen      total 133120K, used 133119K [0x00000000e0000000, 0x00000000e9380000, 0x0000000100000000)
  eden space 123904K, 100% used [0x00000000e0000000,0x00000000e7900000,0x00000000e7900000)
  from space 9216K, 99% used [0x00000000e8a80000,0x00000000e937fda0,0x00000000e9380000)
  to   space 10240K, 0% used [0x00000000e7f80000,0x00000000e7f80000,0x00000000e8980000)
 ParOldGen       total 49152K, used 17144K [0x00000000a0000000, 0x00000000a3000000, 0x00000000e0000000)
  object space 49152K, 34% used [0x00000000a0000000,0x00000000a10be258,0x00000000a3000000)
 Metaspace       used 46974K, capacity 48031K, committed 48296K, reserved 1091584K
  class space    used 6484K, capacity 6775K, committed 6832K, reserved 1048576K
Event: 38.621 GC heap after
Heap after GC invocations=15 (full 2):
 PSYoungGen      total 140800K, used 9351K [0x00000000e0000000, 0x00000000eb700000, 0x0000000100000000)
  eden space 130560K, 0% used [0x00000000e0000000,0x00000000e0000000,0x00000000e7f80000)
  from space 10240K, 91% used [0x00000000e7f80000,0x00000000e88a1eb0,0x00000000e8980000)
  to   space 11264K, 0% used [0x00000000eac00000,0x00000000eac00000,0x00000000eb700000)
 ParOldGen       total 49152K, used 23384K [0x00000000a0000000, 0x00000000a3000000, 0x00000000e0000000)
  object space 49152K, 47% used [0x00000000a0000000,0x00000000a16d6170,0x00000000a3000000)
 Metaspace       used 46974K, capacity 48031K, committed 48296K, reserved 1091584K
  class space    used 6484K, capacity 6775K, committed 6832K, reserved 1048576K
}
Event: 46.916 GC heap before
{Heap before GC invocations=16 (full 2):
 PSYoungGen      total 140800K, used 139911K [0x00000000e0000000, 0x00000000eb700000, 0x0000000100000000)
  eden space 130560K, 100% used [0x00000000e0000000,0x00000000e7f80000,0x00000000e7f80000)
  from space 10240K, 91% used [0x00000000e7f80000,0x00000000e88a1eb0,0x00000000e8980000)
  to   space 11264K, 0% used [0x00000000eac00000,0x00000000eac00000,0x00000000eb700000)
 ParOldGen       total 49152K, used 23384K [0x00000000a0000000, 0x00000000a3000000, 0x00000000e0000000)
  object space 49152K, 47% used [0x00000000a0000000,0x00000000a16d6170,0x00000000a3000000)
 Metaspace       used 55839K, capacity 57527K, committed 57640K, reserved 1099776K
  class space    used 7798K, capacity 8220K, committed 8240K, reserved 1048576K
Event: 47.011 GC heap after
Heap after GC invocations=16 (full 2):
 PSYoungGen      total 171008K, used 11261K [0x00000000e0000000, 0x00000000ec780000, 0x0000000100000000)
  eden space 159744K, 0% used [0x00000000e0000000,0x00000000e0000000,0x00000000e9c00000)
  from space 11264K, 99% used [0x00000000eac00000,0x00000000eb6ff480,0x00000000eb700000)
  to   space 16384K, 0% used [0x00000000e9c00000,0x00000000e9c00000,0x00000000eac00000)
 ParOldGen       total 49152K, used 32345K [0x00000000a0000000, 0x00000000a3000000, 0x00000000e0000000)
  object space 49152K, 65% used [0x00000000a0000000,0x00000000a1f96780,0x00000000a3000000)
 Metaspace       used 55839K, capacity 57527K, committed 57640K, reserved 1099776K
  class space    used 7798K, capacity 8220K, committed 8240K, reserved 1048576K
}
Event: 51.628 GC heap before
{Heap before GC invocations=17 (full 2):
 PSYoungGen      total 171008K, used 64135K [0x00000000e0000000, 0x00000000ec780000, 0x0000000100000000)
  eden space 159744K, 33% used [0x00000000e0000000,0x00000000e33a2810,0x00000000e9c00000)
  from space 11264K, 99% used [0x00000000eac00000,0x00000000eb6ff480,0x00000000eb700000)
  to   space 16384K, 0% used [0x00000000e9c00000,0x00000000e9c00000,0x00000000eac00000)
 ParOldGen       total 49152K, used 32345K [0x00000000a0000000, 0x00000000a3000000, 0x00000000e0000000)
  object space 49152K, 65% used [0x00000000a0000000,0x00000000a1f96780,0x00000000a3000000)
 Metaspace       used 57307K, capacity 59017K, committed 59160K, reserved 1099776K
  class space    used 7928K, capacity 8351K, committed 8368K, reserved 1048576K
Event: 51.686 GC heap after
Heap after GC invocations=17 (full 2):
 PSYoungGen      total 176128K, used 4422K [0x00000000e0000000, 0x00000000ec780000, 0x0000000100000000)
  eden space 159744K, 0% used [0x00000000e0000000,0x00000000e0000000,0x00000000e9c00000)
  from space 16384K, 26% used [0x00000000e9c00000,0x00000000ea051ab8,0x00000000eac00000)
  to   space 11264K, 0% used [0x00000000eac00000,0x00000000eac00000,0x00000000eb700000)
 ParOldGen       total 49152K, used 42836K [0x00000000a0000000, 0x00000000a3000000, 0x00000000e0000000)
  object space 49152K, 87% used [0x00000000a0000000,0x00000000a29d5148,0x00000000a3000000)
 Metaspace       used 57307K, capacity 59017K, committed 59160K, reserved 1099776K
  class space    used 7928K, capacity 8351K, committed 8368K, reserved 1048576K
}
Event: 51.686 GC heap before
{Heap before GC invocations=18 (full 3):
 PSYoungGen      total 176128K, used 4422K [0x00000000e0000000, 0x00000000ec780000, 0x0000000100000000)
  eden space 159744K, 0% used [0x00000000e0000000,0x00000000e0000000,0x00000000e9c00000)
  from space 16384K, 26% used [0x00000000e9c00000,0x00000000ea051ab8,0x00000000eac00000)
  to   space 11264K, 0% used [0x00000000eac00000,0x00000000eac00000,0x00000000eb700000)
 ParOldGen       total 49152K, used 42836K [0x00000000a0000000, 0x00000000a3000000, 0x00000000e0000000)
  object space 49152K, 87% used [0x00000000a0000000,0x00000000a29d5148,0x00000000a3000000)
 Metaspace       used 57307K, capacity 59017K, committed 59160K, reserved 1099776K
  class space    used 7928K, capacity 8351K, committed 8368K, reserved 1048576K
Event: 52.324 GC heap after
Heap after GC invocations=18 (full 3):
 PSYoungGen      total 176128K, used 0K [0x00000000e0000000, 0x00000000ec780000, 0x0000000100000000)
  eden space 159744K, 0% used [0x00000000e0000000,0x00000000e0000000,0x00000000e9c00000)
  from space 16384K, 0% used [0x00000000e9c00000,0x00000000e9c00000,0x00000000eac00000)
  to   space 11264K, 0% used [0x00000000eac00000,0x00000000eac00000,0x00000000eb700000)
 ParOldGen       total 49152K, used 38026K [0x00000000a0000000, 0x00000000a3000000, 0x00000000e0000000)
  object space 49152K, 77% used [0x00000000a0000000,0x00000000a25229e0,0x00000000a3000000)
 Metaspace       used 57307K, capacity 59017K, committed 59160K, reserved 1099776K
  class space    used 7928K, capacity 8351K, committed 8368K, reserved 1048576K
}

Deoptimization events (10 events):
Event: 52.678 Thread 0x0000000017ae6800 Uncommon trap: reason=unstable_if action=reinterpret pc=0x0000000002ba6098 method=java.util.concurrent.ConcurrentHashMap.get(Ljava/lang/Object;)Ljava/lang/Object; @ 86
Event: 52.716 Thread 0x000000001bd54000 Uncommon trap: reason=class_check action=maybe_recompile pc=0x000000000386abf4 method=com.google.common.collect.RegularImmutableAsList.get(I)Ljava/lang/Object; @ 5
Event: 52.716 Thread 0x000000001bd54000 Uncommon trap: reason=class_check action=maybe_recompile pc=0x000000000386abf4 method=com.google.common.collect.RegularImmutableAsList.get(I)Ljava/lang/Object; @ 5
Event: 52.783 Thread 0x000000001bd54000 Uncommon trap: reason=class_check action=maybe_recompile pc=0x0000000002d720c4 method=java.io.ObjectOutputStream$BlockDataOutputStream.drain()V @ 36
Event: 52.788 Thread 0x000000001bd54000 Uncommon trap: reason=class_check action=maybe_recompile pc=0x0000000003ac1eec method=java.io.ObjectOutputStream$BlockDataOutputStream.drain()V @ 36
Event: 52.789 Thread 0x000000001bd54000 Uncommon trap: reason=class_check action=maybe_recompile pc=0x0000000003ac1eec method=java.io.ObjectOutputStream$BlockDataOutputStream.drain()V @ 36
Event: 52.789 Thread 0x000000001bd54000 Uncommon trap: reason=class_check action=maybe_recompile pc=0x0000000003b4e428 method=java.io.ObjectOutputStream$BlockDataOutputStream.drain()V @ 36
Event: 52.791 Thread 0x000000001bd54000 Uncommon trap: reason=class_check action=maybe_recompile pc=0x0000000003ac1eec method=java.io.ObjectOutputStream$BlockDataOutputStream.drain()V @ 36
Event: 52.792 Thread 0x000000001bd54000 Uncommon trap: reason=class_check action=maybe_recompile pc=0x0000000003b4019c method=java.io.ObjectOutputStream$BlockDataOutputStream.drain()V @ 36
Event: 52.792 Thread 0x000000001bd54000 Uncommon trap: reason=class_check action=maybe_recompile pc=0x0000000002d720c4 method=java.io.ObjectOutputStream$BlockDataOutputStream.drain()V @ 36

Internal exceptions (10 events):
Event: 42.632 Thread 0x0000000018220000 Exception <a 'java/lang/NoSuchMethodError': <clinit>> (0x00000000e548b540) thrown at [C:\re\workspace\8-2-build-windows-amd64-cygwin\jdk8u141\9370\hotspot\src\share\vm\prims\jni.cpp, line 1613]
Event: 42.633 Thread 0x0000000018220000 Exception <a 'java/lang/NoSuchMethodError': <clinit>> (0x00000000e549a0f0) thrown at [C:\re\workspace\8-2-build-windows-amd64-cygwin\jdk8u141\9370\hotspot\src\share\vm\prims\jni.cpp, line 1613]
Event: 42.690 Thread 0x0000000018220000 Exception <a 'java/lang/NoSuchMethodError': <clinit>> (0x00000000e5679460) thrown at [C:\re\workspace\8-2-build-windows-amd64-cygwin\jdk8u141\9370\hotspot\src\share\vm\prims\jni.cpp, line 1613]
Event: 42.693 Thread 0x0000000018220000 Exception <a 'java/lang/NoSuchMethodError': <clinit>> (0x00000000e5695160) thrown at [C:\re\workspace\8-2-build-windows-amd64-cygwin\jdk8u141\9370\hotspot\src\share\vm\prims\jni.cpp, line 1613]
Event: 42.693 Thread 0x0000000018220000 Exception <a 'java/lang/NoSuchMethodError': <clinit>> (0x00000000e5696fc8) thrown at [C:\re\workspace\8-2-build-windows-amd64-cygwin\jdk8u141\9370\hotspot\src\share\vm\prims\jni.cpp, line 1613]
Event: 42.791 Thread 0x0000000018220000 Implicit null exception at 0x0000000002bc0feb to 0x0000000002bc15a5
Event: 43.650 Thread 0x0000000018220000 Implicit null exception at 0x0000000002e52118 to 0x0000000002e54469
Event: 47.062 Thread 0x0000000018220000 Implicit null exception at 0x00000000038e8958 to 0x00000000038e8a8d
Event: 52.785 Thread 0x000000001bd54000 Exception <a 'java/lang/NoSuchMethodError': <clinit>> (0x00000000e0b14d08) thrown at [C:\re\workspace\8-2-build-windows-amd64-cygwin\jdk8u141\9370\hotspot\src\share\vm\prims\jni.cpp, line 1613]
Event: 52.789 Thread 0x000000001bd54000 Exception <a 'java/lang/NoSuchMethodError': <clinit>> (0x00000000e0b1e958) thrown at [C:\re\workspace\8-2-build-windows-amd64-cygwin\jdk8u141\9370\hotspot\src\share\vm\prims\jni.cpp, line 1613]

Events (10 events):
Event: 53.108 Thread 0x0000000015fa8000 flushing nmethod 0x0000000003926ad0
Event: 53.108 Thread 0x0000000015fa8000 flushing nmethod 0x00000000039329d0
Event: 53.108 Thread 0x0000000015fa8000 flushing nmethod 0x0000000003936750
Event: 53.108 Thread 0x0000000015fa8000 flushing nmethod 0x0000000003950710
Event: 53.116 loading class org/gradle/api/internal/changedetection/state/SetValueSnapshot
Event: 53.116 loading class org/gradle/api/internal/changedetection/state/SetValueSnapshot done
Event: 53.281 loading class com/google/common/cache/RemovalNotification
Event: 53.281 loading class com/google/common/cache/RemovalNotification done
Event: 53.282 loading class org/gradle/cache/internal/AsyncCacheAccessDecoratedCache$2
Event: 53.282 loading class org/gradle/cache/internal/AsyncCacheAccessDecoratedCache$2 done


Dynamic libraries:
0x00007ff6feab0000 - 0x00007ff6feae7000 	C:\Program Files\Java\jdk1.8.0_141\bin\java.exe
0x00007ffdbb890000 - 0x00007ffdbba3d000 	C:\Windows\SYSTEM32\ntdll.dll
0x00007ffdbb6f0000 - 0x00007ffdbb82f000 	C:\Windows\system32\KERNEL32.DLL
0x00007ffdb8da0000 - 0x00007ffdb8eb6000 	C:\Windows\system32\KERNELBASE.dll
0x00007ffdb7590000 - 0x00007ffdb761e000 	C:\Windows\system32\apphelp.dll
0x00007ffd95770000 - 0x00007ffd957c5000 	C:\Windows\AppPatch\AppPatch64\AcGenral.DLL
0x00007ffdbaa60000 - 0x00007ffdbab0a000 	C:\Windows\system32\msvcrt.dll
0x00007ffdb8ae0000 - 0x00007ffdb8b0e000 	C:\Windows\system32\SspiCli.dll
0x00007ffdbb3d0000 - 0x00007ffdbb424000 	C:\Windows\system32\SHLWAPI.dll
0x00007ffdbb430000 - 0x00007ffdbb5a7000 	C:\Windows\system32\USER32.dll
0x00007ffdbb010000 - 0x00007ffdbb1a4000 	C:\Windows\system32\ole32.dll
0x00007ffdb9530000 - 0x00007ffdbaa5b000 	C:\Windows\system32\SHELL32.dll
0x00007ffdb8000000 - 0x00007ffdb8021000 	C:\Windows\SYSTEM32\USERENV.dll
0x00007ffdbaf60000 - 0x00007ffdbb00a000 	C:\Windows\system32\ADVAPI32.dll
0x00007ffda9db0000 - 0x00007ffda9dce000 	C:\Windows\SYSTEM32\MPR.dll
0x00007ffdb8f20000 - 0x00007ffdb9060000 	C:\Windows\system32\RPCRT4.dll
0x00007ffdbb370000 - 0x00007ffdbb3c9000 	C:\Windows\SYSTEM32\sechost.dll
0x00007ffdb9060000 - 0x00007ffdb9270000 	C:\Windows\SYSTEM32\combase.dll
0x00007ffdbab10000 - 0x00007ffdbac5c000 	C:\Windows\system32\GDI32.dll
0x00007ffdb89c0000 - 0x00007ffdb89d5000 	C:\Windows\SYSTEM32\profapi.dll
0x00007ffdb6da0000 - 0x00007ffdb6e52000 	C:\Windows\SYSTEM32\SHCORE.dll
0x00007ffdbb830000 - 0x00007ffdbb866000 	C:\Windows\system32\IMM32.DLL
0x00007ffdbada0000 - 0x00007ffdbaef2000 	C:\Windows\system32\MSCTF.dll
0x00007ffdb61b0000 - 0x00007ffdb642b000 	C:\Windows\WinSxS\amd64_microsoft.windows.common-controls_6595b64144ccf1df_6.0.9600.19394_none_62486577ecb635cf\COMCTL32.dll
0x00000000550a0000 - 0x0000000055172000 	C:\Program Files\Java\jdk1.8.0_141\jre\bin\msvcr100.dll
0x00000000537a0000 - 0x000000005403d000 	C:\Program Files\Java\jdk1.8.0_141\jre\bin\server\jvm.dll
0x00007ffd8bd30000 - 0x00007ffd8bd39000 	C:\Windows\SYSTEM32\WSOCK32.dll
0x00007ffda9590000 - 0x00007ffda95b2000 	C:\Windows\SYSTEM32\WINMM.dll
0x00007ffdb1a30000 - 0x00007ffdb1a3a000 	C:\Windows\SYSTEM32\VERSION.dll
0x00007ffdbad20000 - 0x00007ffdbad27000 	C:\Windows\system32\PSAPI.DLL
0x00007ffdbaf00000 - 0x00007ffdbaf5a000 	C:\Windows\system32\WS2_32.dll
0x00007ffda9500000 - 0x00007ffda952a000 	C:\Windows\SYSTEM32\WINMMBASE.dll
0x00007ffdb9330000 - 0x00007ffdb9339000 	C:\Windows\system32\NSI.dll
0x00007ffdb8a90000 - 0x00007ffdb8adf000 	C:\Windows\SYSTEM32\cfgmgr32.dll
0x00007ffdb7800000 - 0x00007ffdb7828000 	C:\Windows\SYSTEM32\DEVOBJ.dll
0x0000000055090000 - 0x000000005509f000 	C:\Program Files\Java\jdk1.8.0_141\jre\bin\verify.dll
0x0000000055060000 - 0x0000000055089000 	C:\Program Files\Java\jdk1.8.0_141\jre\bin\java.dll
0x0000000055040000 - 0x0000000055056000 	C:\Program Files\Java\jdk1.8.0_141\jre\bin\zip.dll
0x0000000055020000 - 0x000000005503a000 	C:\Program Files\Java\jdk1.8.0_141\jre\bin\net.dll
0x00007ffdb82c0000 - 0x00007ffdb8319000 	C:\Windows\system32\mswsock.dll
0x0000000055000000 - 0x0000000055011000 	C:\Program Files\Java\jdk1.8.0_141\jre\bin\nio.dll
0x00007ffd98e30000 - 0x00007ffd98e4e000 	C:\Users\vit\.gradle\native\25\windows-amd64\native-platform.dll
0x0000000054ff0000 - 0x0000000054ffd000 	C:\Program Files\Java\jdk1.8.0_141\jre\bin\management.dll
0x00007ffdb8320000 - 0x00007ffdb8340000 	C:\Windows\SYSTEM32\CRYPTSP.dll
0x00007ffdb7ef0000 - 0x00007ffdb7f26000 	C:\Windows\system32\rsaenh.dll
0x00007ffdb8570000 - 0x00007ffdb8596000 	C:\Windows\SYSTEM32\bcrypt.dll
0x00007ffdb8890000 - 0x00007ffdb88f3000 	C:\Windows\system32\bcryptprimitives.dll
0x00007ffdb8900000 - 0x00007ffdb890b000 	C:\Windows\SYSTEM32\CRYPTBASE.dll
0x00007ffdb3690000 - 0x00007ffdb36ba000 	C:\Windows\SYSTEM32\IPHLPAPI.DLL
0x00007ffdb34e0000 - 0x00007ffdb34ea000 	C:\Windows\SYSTEM32\WINNSI.DLL
0x00007ffdb3010000 - 0x00007ffdb3026000 	C:\Windows\SYSTEM32\dhcpcsvc6.DLL
0x00007ffdb3260000 - 0x00007ffdb327a000 	C:\Windows\SYSTEM32\dhcpcsvc.DLL
0x0000000054fc0000 - 0x0000000054fe4000 	C:\Program Files\Java\jdk1.8.0_141\jre\bin\sunec.dll
0x00007ffdb80c0000 - 0x00007ffdb8164000 	C:\Windows\SYSTEM32\DNSAPI.dll
0x00007ffdb3680000 - 0x00007ffdb368a000 	C:\Windows\System32\rasadhlp.dll
0x00007ffdb31f0000 - 0x00007ffdb325b000 	C:\Windows\System32\fwpuclnt.dll
0x0000000054fb0000 - 0x0000000054fbb000 	C:\Program Files\Java\jdk1.8.0_141\jre\bin\sunmscapi.dll
0x00007ffdb8bc0000 - 0x00007ffdb8d9f000 	C:\Windows\system32\CRYPT32.dll
0x00007ffdb8a70000 - 0x00007ffdb8a81000 	C:\Windows\system32\MSASN1.dll

VM Arguments:
jvm_args: -Xmx1536m -Dfile.encoding=windows-1252 -Duser.country=MX -Duser.language=es -Duser.variant 
java_command: org.gradle.launcher.daemon.bootstrap.GradleDaemon 4.4
java_class_path (initial): C:\Users\vit\.gradle\wrapper\dists\gradle-4.4-all\9br9xq1tocpiv8o6njlyu5op1\gradle-4.4\lib\gradle-launcher-4.4.jar
Launcher Type: SUN_STANDARD

Environment Variables:
JAVA_HOME=C:\Program Files\Java\jdk1.8.0_141
PATH=C:\Program Files\Java\jdk1.8.0_141\bin;C:\wamp64\bin\php\php7.3.12;C:\composer;C:\Program Files\nodejs\;C:\Program Files\Git\cmd;;C:\Users\vit\AppData\Local\Programs\Microsoft VS Code\bin;C:\Users\vit\AppData\Roaming\Composer\vendor\bin;C:\Users\vit\AppData\Roaming\npm
USERNAME=vit
OS=Windows_NT
PROCESSOR_IDENTIFIER=Intel64 Family 6 Model 69 Stepping 1, GenuineIntel



---------------  S Y S T E M  ---------------

OS: Windows 8.1 , 64 bit Build 9600 (6.3.9600.19538)

CPU:total 4 (initial active 4) (2 cores per cpu, 2 threads per core) family 6 model 69 stepping 1, cmov, cx8, fxsr, mmx, sse, sse2, sse3, ssse3, sse4.1, sse4.2, popcnt, avx, avx2, aes, clmul, erms, lzcnt, ht, tsc, tscinvbit, bmi1, bmi2

Memory: 4k page, physical 4096180k(172056k free), swap 7241908k(4872k free)

vm_info: Java HotSpot(TM) 64-Bit Server VM (25.141-b15) for windows-amd64 JRE (1.8.0_141-b15), built on Jul 12 2017 04:25:12 by "java_re" with MS VC++ 10.0 (VS2010)

time: Wed Mar 04 14:41:06 2020
elapsed time: 53 seconds (0d 0h 0m 53s)

